***********************
learning rate: 8e-4
***********************
{'train_runtime': 48.771, 'train_samples_per_second': 4.101, 'train_steps_per_second': 0.041, 'train_loss': 7.00152063369751, 'epoch': 2.0}
[1;34mwandb[0m: 
[1;34mwandb[0m: 🚀 View run [33m./saved_models/TinyLlama-1.1B-intermediate-step-1431k-3T[0m at: [34mhttps://wandb.ai/hanhgiangcl-i-h-c-qu-c-gia-tp-hcm/huggingface/runs/4r5m09ra[0m
[1;34mwandb[0m: Find logs at: [1;35mwandb/run-20250617_160050-4r5m09ra/logs[0m
[INFO] Testing layer 0:
 AUC 0.5195, TPR@5%FPR of 0.0647

 AUC 0.5206, TPR@5%FPR of 0.0626

[INFO] Testing layer 1:
 AUC 0.4844, TPR@5%FPR of 0.0000

 AUC 0.5026, TPR@5%FPR of 0.0000

[INFO] Testing layer 2:
 AUC 0.5060, TPR@5%FPR of 0.0647

 AUC 0.4953, TPR@5%FPR of 0.0526

[INFO] Testing layer 3:
 AUC 0.4640, TPR@5%FPR of 0.0348

 AUC 0.4625, TPR@5%FPR of 0.0300

[INFO] Testing layer 4:
 AUC 0.4209, TPR@5%FPR of 0.0299

 AUC 0.4473, TPR@5%FPR of 0.0363

[INFO] Testing layer 5:
 AUC 0.4457, TPR@5%FPR of 0.0249

 AUC 0.4548, TPR@5%FPR of 0.0401

[INFO] Testing layer 6:
 AUC 0.4715, TPR@5%FPR of 0.0498

 AUC 0.5116, TPR@5%FPR of 0.0476

[INFO] Testing layer 7:
 AUC 0.4898, TPR@5%FPR of 0.0348

 AUC 0.4717, TPR@5%FPR of 0.0526

[INFO] Testing layer 8:
 AUC 0.4221, TPR@5%FPR of 0.0398

 AUC 0.4475, TPR@5%FPR of 0.0401

[INFO] Testing layer 9:
 AUC 0.4869, TPR@5%FPR of 0.0199

 AUC 0.5124, TPR@5%FPR of 0.0563

[INFO] Testing layer 10:
 AUC 0.4869, TPR@5%FPR of 0.0348

 AUC 0.4815, TPR@5%FPR of 0.0350

[INFO] Testing layer 11:
 AUC 0.4648, TPR@5%FPR of 0.0348

 AUC 0.4783, TPR@5%FPR of 0.0451

[INFO] Testing layer 12:
 AUC 0.4221, TPR@5%FPR of 0.0498

 AUC 0.4415, TPR@5%FPR of 0.0476

[INFO] Testing layer 13:
 AUC 0.4302, TPR@5%FPR of 0.0249

 AUC 0.4333, TPR@5%FPR of 0.0513

[INFO] Testing layer 14:
 AUC 0.4134, TPR@5%FPR of 0.0299

 AUC 0.4447, TPR@5%FPR of 0.0426

[INFO] Testing layer 15:
 AUC 0.4495, TPR@5%FPR of 0.0199

 AUC 0.4865, TPR@5%FPR of 0.0451

[INFO] Testing layer 16:
 AUC 0.4577, TPR@5%FPR of 0.0647

 AUC 0.4987, TPR@5%FPR of 0.0388

[INFO] Testing layer 17:
 AUC 0.4749, TPR@5%FPR of 0.0149

 AUC 0.4773, TPR@5%FPR of 0.0626

[INFO] Testing layer 18:
 AUC 0.4794, TPR@5%FPR of 0.0746

 AUC 0.4485, TPR@5%FPR of 0.0313

[INFO] Testing layer 19:
 AUC 0.4849, TPR@5%FPR of 0.0249

 AUC 0.4796, TPR@5%FPR of 0.0438

[INFO] Testing layer 20:
 AUC 0.4843, TPR@5%FPR of 0.0299

 AUC 0.4930, TPR@5%FPR of 0.0651

[INFO] Testing layer 21:
 AUC 0.4829, TPR@5%FPR of 0.0697

 AUC 0.4679, TPR@5%FPR of 0.0588

average dev auc: 0.4655

MAX dev auc: 0.5195 in layer_0
   test auc: 0.5206 in layer_0

========== Trying classifier: AdaBoostClassifier ==========
[INFO] Testing layer 0:
 AUC 0.5229, TPR@5%FPR of 0.0199

 AUC 0.5284, TPR@5%FPR of 0.0526

[INFO] Testing layer 1:
 AUC 0.4665, TPR@5%FPR of 0.0547

 AUC 0.5257, TPR@5%FPR of 0.0526

[INFO] Testing layer 2:
 AUC 0.5224, TPR@5%FPR of 0.0348

 AUC 0.5018, TPR@5%FPR of 0.0551

[INFO] Testing layer 3:
 AUC 0.4653, TPR@5%FPR of 0.0647

 AUC 0.4731, TPR@5%FPR of 0.0476

[INFO] Testing layer 4:
 AUC 0.5211, TPR@5%FPR of 0.0597

 AUC 0.5067, TPR@5%FPR of 0.0350

[INFO] Testing layer 5:
 AUC 0.5005, TPR@5%FPR of 0.0547

 AUC 0.5160, TPR@5%FPR of 0.0563

[INFO] Testing layer 6:
 AUC 0.5023, TPR@5%FPR of 0.0498

 AUC 0.5044, TPR@5%FPR of 0.0688

[INFO] Testing layer 7:
 AUC 0.5187, TPR@5%FPR of 0.0299

 AUC 0.5376, TPR@5%FPR of 0.0426

[INFO] Testing layer 8:
 AUC 0.4629, TPR@5%FPR of 0.0348

 AUC 0.5294, TPR@5%FPR of 0.0551

[INFO] Testing layer 9:
 AUC 0.5580, TPR@5%FPR of 0.0796

 AUC 0.5125, TPR@5%FPR of 0.0538

[INFO] Testing layer 10:
 AUC 0.4408, TPR@5%FPR of 0.0149

 AUC 0.4675, TPR@5%FPR of 0.0413

[INFO] Testing layer 11:
 AUC 0.4084, TPR@5%FPR of 0.0498

 AUC 0.4954, TPR@5%FPR of 0.0563

[INFO] Testing layer 12:
 AUC 0.5202, TPR@5%FPR of 0.0647

 AUC 0.5153, TPR@5%FPR of 0.0413

[INFO] Testing layer 13:
 AUC 0.4729, TPR@5%FPR of 0.0299

 AUC 0.5022, TPR@5%FPR of 0.0375

[INFO] Testing layer 14:
 AUC 0.4872, TPR@5%FPR of 0.0796

 AUC 0.5096, TPR@5%FPR of 0.0413

[INFO] Testing layer 15:
 AUC 0.5292, TPR@5%FPR of 0.0149

 AUC 0.5524, TPR@5%FPR of 0.0363

[INFO] Testing layer 16:
 AUC 0.5418, TPR@5%FPR of 0.0846

 AUC 0.5123, TPR@5%FPR of 0.0688

[INFO] Testing layer 17:
 AUC 0.5269, TPR@5%FPR of 0.0597

 AUC 0.5487, TPR@5%FPR of 0.0676

[INFO] Testing layer 18:
 AUC 0.4687, TPR@5%FPR of 0.0249

 AUC 0.4651, TPR@5%FPR of 0.0113

[INFO] Testing layer 19:
 AUC 0.4809, TPR@5%FPR of 0.0547

 AUC 0.4876, TPR@5%FPR of 0.0526

[INFO] Testing layer 20:
 AUC 0.5102, TPR@5%FPR of 0.0697

 AUC 0.5091, TPR@5%FPR of 0.0538

[INFO] Testing layer 21:
 AUC 0.5313, TPR@5%FPR of 0.0249

 AUC 0.5456, TPR@5%FPR of 0.0588

[AdaBoostClassifier] avg dev AUC: 0.4981
[AdaBoostClassifier] Best dev AUC: 0.5580 (layer 9)
[AdaBoostClassifier] Test AUC at best layer: 0.5125

========== Trying classifier: BaggingClassifier ==========
[INFO] Testing layer 0:
 AUC 0.4633, TPR@5%FPR of 0.0697

 AUC 0.4948, TPR@5%FPR of 0.0438

[INFO] Testing layer 1:
 AUC 0.5150, TPR@5%FPR of 0.0348

 AUC 0.5420, TPR@5%FPR of 0.0388

[INFO] Testing layer 2:
 AUC 0.5627, TPR@5%FPR of 0.0249

 AUC 0.5427, TPR@5%FPR of 0.0200

[INFO] Testing layer 3:
 AUC 0.5152, TPR@5%FPR of 0.0149

 AUC 0.5216, TPR@5%FPR of 0.0463

[INFO] Testing layer 4:
 AUC 0.5279, TPR@5%FPR of 0.0100

 AUC 0.5217, TPR@5%FPR of 0.0113

[INFO] Testing layer 5:
 AUC 0.4950, TPR@5%FPR of 0.0149

 AUC 0.5145, TPR@5%FPR of 0.0300

[INFO] Testing layer 6:
 AUC 0.5007, TPR@5%FPR of 0.0199

 AUC 0.5375, TPR@5%FPR of 0.0175

[INFO] Testing layer 7:
 AUC 0.5183, TPR@5%FPR of 0.0299

 AUC 0.5061, TPR@5%FPR of 0.0188

[INFO] Testing layer 8:
 AUC 0.4411, TPR@5%FPR of 0.0199

 AUC 0.4710, TPR@5%FPR of 0.0150

[INFO] Testing layer 9:
 AUC 0.4743, TPR@5%FPR of 0.0299

 AUC 0.5204, TPR@5%FPR of 0.0300

[INFO] Testing layer 10:
 AUC 0.4690, TPR@5%FPR of 0.0149

 AUC 0.4973, TPR@5%FPR of 0.0125

[INFO] Testing layer 11:
 AUC 0.4797, TPR@5%FPR of 0.0299

 AUC 0.4746, TPR@5%FPR of 0.0238

[INFO] Testing layer 12:
 AUC 0.4662, TPR@5%FPR of 0.0299

 AUC 0.5074, TPR@5%FPR of 0.0526

[INFO] Testing layer 13:
 AUC 0.4625, TPR@5%FPR of 0.0149

 AUC 0.5042, TPR@5%FPR of 0.0200

[INFO] Testing layer 14:
 AUC 0.5049, TPR@5%FPR of 0.0398

 AUC 0.4898, TPR@5%FPR of 0.0388

[INFO] Testing layer 15:
 AUC 0.5206, TPR@5%FPR of 0.0100

 AUC 0.4806, TPR@5%FPR of 0.0125

[INFO] Testing layer 16:
 AUC 0.4867, TPR@5%FPR of 0.0299

 AUC 0.4958, TPR@5%FPR of 0.0125

[INFO] Testing layer 17:
 AUC 0.4998, TPR@5%FPR of 0.0597

 AUC 0.5277, TPR@5%FPR of 0.0188

[INFO] Testing layer 18:
 AUC 0.5229, TPR@5%FPR of 0.0348

 AUC 0.5214, TPR@5%FPR of 0.0501

[INFO] Testing layer 19:
 AUC 0.5029, TPR@5%FPR of 0.0299

 AUC 0.4778, TPR@5%FPR of 0.0388

[INFO] Testing layer 20:
 AUC 0.4790, TPR@5%FPR of 0.0100

 AUC 0.4880, TPR@5%FPR of 0.0138

[INFO] Testing layer 21:
 AUC 0.5388, TPR@5%FPR of 0.0547

 AUC 0.5047, TPR@5%FPR of 0.0563

[BaggingClassifier] avg dev AUC: 0.4976
[BaggingClassifier] Best dev AUC: 0.5627 (layer 2)
[BaggingClassifier] Test AUC at best layer: 0.5427

========== Trying classifier: BernoulliNB ==========
[INFO] Testing layer 0:
 AUC 0.4388, TPR@5%FPR of 0.0000

 AUC 0.4699, TPR@5%FPR of 0.0000

[INFO] Testing layer 1:
 AUC 0.4449, TPR@5%FPR of 0.0000

 AUC 0.4874, TPR@5%FPR of 0.0000

[INFO] Testing layer 2:
 AUC 0.4433, TPR@5%FPR of 0.0000

 AUC 0.4862, TPR@5%FPR of 0.0000

[INFO] Testing layer 3:
 AUC 0.4745, TPR@5%FPR of 0.0398

 AUC 0.5118, TPR@5%FPR of 0.0451

[INFO] Testing layer 4:
 AUC 0.4769, TPR@5%FPR of 0.0945

 AUC 0.5118, TPR@5%FPR of 0.0375

[INFO] Testing layer 5:
 AUC 0.4738, TPR@5%FPR of 0.0149

 AUC 0.5249, TPR@5%FPR of 0.0488

[INFO] Testing layer 6:
 AUC 0.5233, TPR@5%FPR of 0.0299

 AUC 0.5322, TPR@5%FPR of 0.0613

[INFO] Testing layer 7:
 AUC 0.5012, TPR@5%FPR of 0.0348

 AUC 0.5188, TPR@5%FPR of 0.0576

[INFO] Testing layer 8:
 AUC 0.4503, TPR@5%FPR of 0.0348

 AUC 0.4920, TPR@5%FPR of 0.0463

[INFO] Testing layer 9:
 AUC 0.5251, TPR@5%FPR of 0.0647

 AUC 0.5182, TPR@5%FPR of 0.0588

[INFO] Testing layer 10:
 AUC 0.5023, TPR@5%FPR of 0.0398

 AUC 0.5224, TPR@5%FPR of 0.0488

[INFO] Testing layer 11:
 AUC 0.4307, TPR@5%FPR of 0.0398

 AUC 0.4555, TPR@5%FPR of 0.0476

[INFO] Testing layer 12:
 AUC 0.4353, TPR@5%FPR of 0.0398

 AUC 0.4783, TPR@5%FPR of 0.0350

[INFO] Testing layer 13:
 AUC 0.4571, TPR@5%FPR of 0.0149

 AUC 0.5197, TPR@5%FPR of 0.0438

[INFO] Testing layer 14:
 AUC 0.4408, TPR@5%FPR of 0.0249

 AUC 0.4744, TPR@5%FPR of 0.0551

[INFO] Testing layer 15:
 AUC 0.4648, TPR@5%FPR of 0.0547

 AUC 0.4740, TPR@5%FPR of 0.0325

[INFO] Testing layer 16:
 AUC 0.5050, TPR@5%FPR of 0.0796

 AUC 0.5215, TPR@5%FPR of 0.0713

[INFO] Testing layer 17:
 AUC 0.5024, TPR@5%FPR of 0.0647

 AUC 0.5514, TPR@5%FPR of 0.0513

[INFO] Testing layer 18:
 AUC 0.5089, TPR@5%FPR of 0.0398

 AUC 0.5297, TPR@5%FPR of 0.0388

[INFO] Testing layer 19:
 AUC 0.5125, TPR@5%FPR of 0.0846

 AUC 0.5430, TPR@5%FPR of 0.0751

[INFO] Testing layer 20:
 AUC 0.5253, TPR@5%FPR of 0.0498

 AUC 0.5531, TPR@5%FPR of 0.0663

[INFO] Testing layer 21:
 AUC 0.5015, TPR@5%FPR of 0.0498

 AUC 0.5278, TPR@5%FPR of 0.0501

[BernoulliNB] avg dev AUC: 0.4790
[BernoulliNB] Best dev AUC: 0.5253 (layer 20)
[BernoulliNB] Test AUC at best layer: 0.5531

========== Trying classifier: CalibratedClassifierCV ==========
[INFO] Testing layer 0:
 AUC 0.5206, TPR@5%FPR of 0.0498

 AUC 0.5100, TPR@5%FPR of 0.0626

[INFO] Testing layer 1:
 AUC 0.5051, TPR@5%FPR of 0.0249

 AUC 0.4953, TPR@5%FPR of 0.0388

[INFO] Testing layer 2:
 AUC 0.4905, TPR@5%FPR of 0.0746

 AUC 0.4967, TPR@5%FPR of 0.0363

[INFO] Testing layer 3:
 AUC 0.4803, TPR@5%FPR of 0.0746

 AUC 0.4782, TPR@5%FPR of 0.0476

[INFO] Testing layer 4:
 AUC 0.5887, TPR@5%FPR of 0.1194

 AUC 0.5534, TPR@5%FPR of 0.0763

[INFO] Testing layer 5:
 AUC 0.5506, TPR@5%FPR of 0.0348

 AUC 0.5143, TPR@5%FPR of 0.0401

[INFO] Testing layer 6:
 AUC 0.5161, TPR@5%FPR of 0.0448

 AUC 0.4664, TPR@5%FPR of 0.0263

[INFO] Testing layer 7:
 AUC 0.4665, TPR@5%FPR of 0.0199

 AUC 0.4528, TPR@5%FPR of 0.0350

[INFO] Testing layer 8:
 AUC 0.5710, TPR@5%FPR of 0.0995

 AUC 0.5511, TPR@5%FPR of 0.0763

[INFO] Testing layer 9:
 AUC 0.5069, TPR@5%FPR of 0.0249

 AUC 0.4852, TPR@5%FPR of 0.0463

[INFO] Testing layer 10:
 AUC 0.5254, TPR@5%FPR of 0.0597

 AUC 0.5256, TPR@5%FPR of 0.0563

[INFO] Testing layer 11:
 AUC 0.4298, TPR@5%FPR of 0.0199

 AUC 0.4699, TPR@5%FPR of 0.0538

[INFO] Testing layer 12:
 AUC 0.4318, TPR@5%FPR of 0.0299

 AUC 0.4646, TPR@5%FPR of 0.0488

[INFO] Testing layer 13:
 AUC 0.4210, TPR@5%FPR of 0.0299

 AUC 0.4348, TPR@5%FPR of 0.0413

[INFO] Testing layer 14:
 AUC 0.4137, TPR@5%FPR of 0.0348

 AUC 0.4447, TPR@5%FPR of 0.0513

[INFO] Testing layer 15:
 AUC 0.4477, TPR@5%FPR of 0.0348

 AUC 0.5086, TPR@5%FPR of 0.0388

[INFO] Testing layer 16:
 AUC 0.4541, TPR@5%FPR of 0.0746

 AUC 0.5151, TPR@5%FPR of 0.0463

[INFO] Testing layer 17:
 AUC 0.4414, TPR@5%FPR of 0.0348

 AUC 0.4952, TPR@5%FPR of 0.0375

[INFO] Testing layer 18:
 AUC 0.4875, TPR@5%FPR of 0.0796

 AUC 0.4540, TPR@5%FPR of 0.0313

[INFO] Testing layer 19:
 AUC 0.4779, TPR@5%FPR of 0.0547

 AUC 0.4577, TPR@5%FPR of 0.0375

[INFO] Testing layer 20:
 AUC 0.4723, TPR@5%FPR of 0.0398

 AUC 0.4628, TPR@5%FPR of 0.0526

[INFO] Testing layer 21:
 AUC 0.5013, TPR@5%FPR of 0.0597

 AUC 0.4789, TPR@5%FPR of 0.0501

[CalibratedClassifierCV] avg dev AUC: 0.4864
[CalibratedClassifierCV] Best dev AUC: 0.5887 (layer 4)
[CalibratedClassifierCV] Test AUC at best layer: 0.5534

========== Trying classifier: DecisionTreeClassifier ==========
[INFO] Testing layer 0:
 AUC 0.4925, TPR@5%FPR of 0.0000

 AUC 0.5013, TPR@5%FPR of 0.0000

[INFO] Testing layer 1:
 AUC 0.4971, TPR@5%FPR of 0.0000

 AUC 0.5188, TPR@5%FPR of 0.0000

[INFO] Testing layer 2:
 AUC 0.4972, TPR@5%FPR of 0.0000

 AUC 0.5189, TPR@5%FPR of 0.0000

[INFO] Testing layer 3:
 AUC 0.5634, TPR@5%FPR of 0.0000

 AUC 0.5104, TPR@5%FPR of 0.0000

[INFO] Testing layer 4:
 AUC 0.5323, TPR@5%FPR of 0.0000

 AUC 0.5176, TPR@5%FPR of 0.0000

[INFO] Testing layer 5:
 AUC 0.4694, TPR@5%FPR of 0.0000

 AUC 0.4889, TPR@5%FPR of 0.0000

[INFO] Testing layer 6:
 AUC 0.5599, TPR@5%FPR of 0.0000

 AUC 0.5231, TPR@5%FPR of 0.0000

[INFO] Testing layer 7:
 AUC 0.5101, TPR@5%FPR of 0.0000

 AUC 0.5143, TPR@5%FPR of 0.0000

[INFO] Testing layer 8:
 AUC 0.4832, TPR@5%FPR of 0.0000

 AUC 0.4692, TPR@5%FPR of 0.0000

[INFO] Testing layer 9:
 AUC 0.5122, TPR@5%FPR of 0.0000

 AUC 0.5020, TPR@5%FPR of 0.0000

[INFO] Testing layer 10:
 AUC 0.5127, TPR@5%FPR of 0.0000

 AUC 0.5299, TPR@5%FPR of 0.0000

[INFO] Testing layer 11:
 AUC 0.4951, TPR@5%FPR of 0.0000

 AUC 0.5043, TPR@5%FPR of 0.0000

[INFO] Testing layer 12:
 AUC 0.4977, TPR@5%FPR of 0.0000

 AUC 0.4906, TPR@5%FPR of 0.0000

[INFO] Testing layer 13:
 AUC 0.4974, TPR@5%FPR of 0.0000

 AUC 0.5038, TPR@5%FPR of 0.0000

[INFO] Testing layer 14:
 AUC 0.5605, TPR@5%FPR of 0.0000

 AUC 0.5186, TPR@5%FPR of 0.0000

[INFO] Testing layer 15:
 AUC 0.4639, TPR@5%FPR of 0.0000

 AUC 0.4972, TPR@5%FPR of 0.0000

[INFO] Testing layer 16:
 AUC 0.4875, TPR@5%FPR of 0.0000

 AUC 0.4893, TPR@5%FPR of 0.0000

[INFO] Testing layer 17:
 AUC 0.5226, TPR@5%FPR of 0.0000

 AUC 0.5374, TPR@5%FPR of 0.0000

[INFO] Testing layer 18:
 AUC 0.5173, TPR@5%FPR of 0.0000

 AUC 0.5050, TPR@5%FPR of 0.0000

[INFO] Testing layer 19:
 AUC 0.5228, TPR@5%FPR of 0.0000

 AUC 0.5225, TPR@5%FPR of 0.0000

[INFO] Testing layer 20:
 AUC 0.5075, TPR@5%FPR of 0.0000

 AUC 0.5069, TPR@5%FPR of 0.0000

[INFO] Testing layer 21:
 AUC 0.5077, TPR@5%FPR of 0.0000

 AUC 0.4856, TPR@5%FPR of 0.0000

[DecisionTreeClassifier] avg dev AUC: 0.5095
[DecisionTreeClassifier] Best dev AUC: 0.5634 (layer 3)
[DecisionTreeClassifier] Test AUC at best layer: 0.5104

========== Trying classifier: DummyClassifier ==========
[INFO] Testing layer 0:
 AUC 0.5000, TPR@5%FPR of 0.0000

 AUC 0.5000, TPR@5%FPR of 0.0000

[INFO] Testing layer 1:
 AUC 0.5000, TPR@5%FPR of 0.0000

 AUC 0.5000, TPR@5%FPR of 0.0000

[INFO] Testing layer 2:
 AUC 0.5000, TPR@5%FPR of 0.0000

 AUC 0.5000, TPR@5%FPR of 0.0000

[INFO] Testing layer 3:
 AUC 0.5000, TPR@5%FPR of 0.0000

 AUC 0.5000, TPR@5%FPR of 0.0000

[INFO] Testing layer 4:
 AUC 0.5000, TPR@5%FPR of 0.0000

 AUC 0.5000, TPR@5%FPR of 0.0000

[INFO] Testing layer 5:
 AUC 0.5000, TPR@5%FPR of 0.0000

 AUC 0.5000, TPR@5%FPR of 0.0000

[INFO] Testing layer 6:
 AUC 0.5000, TPR@5%FPR of 0.0000

 AUC 0.5000, TPR@5%FPR of 0.0000

[INFO] Testing layer 7:
 AUC 0.5000, TPR@5%FPR of 0.0000

 AUC 0.5000, TPR@5%FPR of 0.0000

[INFO] Testing layer 8:
 AUC 0.5000, TPR@5%FPR of 0.0000

 AUC 0.5000, TPR@5%FPR of 0.0000

[INFO] Testing layer 9:
 AUC 0.5000, TPR@5%FPR of 0.0000

 AUC 0.5000, TPR@5%FPR of 0.0000

[INFO] Testing layer 10:
 AUC 0.5000, TPR@5%FPR of 0.0000

 AUC 0.5000, TPR@5%FPR of 0.0000

[INFO] Testing layer 11:
 AUC 0.5000, TPR@5%FPR of 0.0000

 AUC 0.5000, TPR@5%FPR of 0.0000

[INFO] Testing layer 12:
 AUC 0.5000, TPR@5%FPR of 0.0000

 AUC 0.5000, TPR@5%FPR of 0.0000

[INFO] Testing layer 13:
 AUC 0.5000, TPR@5%FPR of 0.0000

 AUC 0.5000, TPR@5%FPR of 0.0000

[INFO] Testing layer 14:
 AUC 0.5000, TPR@5%FPR of 0.0000

 AUC 0.5000, TPR@5%FPR of 0.0000

[INFO] Testing layer 15:
 AUC 0.5000, TPR@5%FPR of 0.0000

 AUC 0.5000, TPR@5%FPR of 0.0000

[INFO] Testing layer 16:
 AUC 0.5000, TPR@5%FPR of 0.0000

 AUC 0.5000, TPR@5%FPR of 0.0000

[INFO] Testing layer 17:
 AUC 0.5000, TPR@5%FPR of 0.0000

 AUC 0.5000, TPR@5%FPR of 0.0000

[INFO] Testing layer 18:
 AUC 0.5000, TPR@5%FPR of 0.0000

 AUC 0.5000, TPR@5%FPR of 0.0000

[INFO] Testing layer 19:
 AUC 0.5000, TPR@5%FPR of 0.0000

 AUC 0.5000, TPR@5%FPR of 0.0000

[INFO] Testing layer 20:
 AUC 0.5000, TPR@5%FPR of 0.0000

 AUC 0.5000, TPR@5%FPR of 0.0000

[INFO] Testing layer 21:
 AUC 0.5000, TPR@5%FPR of 0.0000

 AUC 0.5000, TPR@5%FPR of 0.0000

[DummyClassifier] avg dev AUC: 0.5000
[DummyClassifier] Best dev AUC: 0.5000 (layer 0)
[DummyClassifier] Test AUC at best layer: 0.5000

========== Trying classifier: ExtraTreeClassifier ==========
[INFO] Testing layer 0:
 AUC 0.5000, TPR@5%FPR of 0.0000

 AUC 0.4794, TPR@5%FPR of 0.0000

[INFO] Testing layer 1:
 AUC 0.5226, TPR@5%FPR of 0.0000

 AUC 0.5150, TPR@5%FPR of 0.0000

[INFO] Testing layer 2:
 AUC 0.4649, TPR@5%FPR of 0.0000

 AUC 0.4944, TPR@5%FPR of 0.0000

[INFO] Testing layer 3:
 AUC 0.4827, TPR@5%FPR of 0.0000

 AUC 0.5012, TPR@5%FPR of 0.0000

[INFO] Testing layer 4:
 AUC 0.4704, TPR@5%FPR of 0.0000

 AUC 0.4918, TPR@5%FPR of 0.0000

[INFO] Testing layer 5:
 AUC 0.4925, TPR@5%FPR of 0.0000

 AUC 0.4862, TPR@5%FPR of 0.0000

[INFO] Testing layer 6:
 AUC 0.4744, TPR@5%FPR of 0.0000

 AUC 0.4727, TPR@5%FPR of 0.0000

[INFO] Testing layer 7:
 AUC 0.4576, TPR@5%FPR of 0.0000

 AUC 0.4844, TPR@5%FPR of 0.0000

[INFO] Testing layer 8:
 AUC 0.4748, TPR@5%FPR of 0.0000

 AUC 0.4639, TPR@5%FPR of 0.0000

[INFO] Testing layer 9:
 AUC 0.4992, TPR@5%FPR of 0.0000

 AUC 0.5327, TPR@5%FPR of 0.0000

[INFO] Testing layer 10:
 AUC 0.5121, TPR@5%FPR of 0.0000

 AUC 0.4826, TPR@5%FPR of 0.0000

[INFO] Testing layer 11:
 AUC 0.4285, TPR@5%FPR of 0.0000

 AUC 0.4929, TPR@5%FPR of 0.0000

[INFO] Testing layer 12:
 AUC 0.4755, TPR@5%FPR of 0.0000

 AUC 0.5224, TPR@5%FPR of 0.0000

[INFO] Testing layer 13:
 AUC 0.4824, TPR@5%FPR of 0.0000

 AUC 0.4944, TPR@5%FPR of 0.0000

[INFO] Testing layer 14:
 AUC 0.5465, TPR@5%FPR of 0.0000

 AUC 0.5265, TPR@5%FPR of 0.0000

[INFO] Testing layer 15:
 AUC 0.5074, TPR@5%FPR of 0.0000

 AUC 0.4913, TPR@5%FPR of 0.0000

[INFO] Testing layer 16:
 AUC 0.4772, TPR@5%FPR of 0.0000

 AUC 0.4763, TPR@5%FPR of 0.0000

[INFO] Testing layer 17:
 AUC 0.5422, TPR@5%FPR of 0.0000

 AUC 0.5069, TPR@5%FPR of 0.0000

[INFO] Testing layer 18:
 AUC 0.4846, TPR@5%FPR of 0.0000

 AUC 0.4920, TPR@5%FPR of 0.0000

[INFO] Testing layer 19:
 AUC 0.5175, TPR@5%FPR of 0.0000

 AUC 0.4856, TPR@5%FPR of 0.0000

[INFO] Testing layer 20:
 AUC 0.4380, TPR@5%FPR of 0.0000

 AUC 0.5061, TPR@5%FPR of 0.0000

[INFO] Testing layer 21:
 AUC 0.5233, TPR@5%FPR of 0.0000

 AUC 0.4798, TPR@5%FPR of 0.0000

[ExtraTreeClassifier] avg dev AUC: 0.4897
[ExtraTreeClassifier] Best dev AUC: 0.5465 (layer 14)
[ExtraTreeClassifier] Test AUC at best layer: 0.5265

========== Trying classifier: ExtraTreesClassifier ==========
[INFO] Testing layer 0:
 AUC 0.5169, TPR@5%FPR of 0.0547

 AUC 0.5176, TPR@5%FPR of 0.0438

[INFO] Testing layer 1:
 AUC 0.5202, TPR@5%FPR of 0.0697

 AUC 0.5163, TPR@5%FPR of 0.0551

[INFO] Testing layer 2:
 AUC 0.5325, TPR@5%FPR of 0.0647

 AUC 0.5268, TPR@5%FPR of 0.0463

[INFO] Testing layer 3:
 AUC 0.5714, TPR@5%FPR of 0.0299

 AUC 0.5264, TPR@5%FPR of 0.0551

[INFO] Testing layer 4:
 AUC 0.5042, TPR@5%FPR of 0.0348

 AUC 0.5186, TPR@5%FPR of 0.0663

[INFO] Testing layer 5:
 AUC 0.4897, TPR@5%FPR of 0.0547

 AUC 0.5328, TPR@5%FPR of 0.0363

[INFO] Testing layer 6:
 AUC 0.5357, TPR@5%FPR of 0.0348

 AUC 0.5300, TPR@5%FPR of 0.0388

[INFO] Testing layer 7:
 AUC 0.5086, TPR@5%FPR of 0.0398

 AUC 0.5542, TPR@5%FPR of 0.0676

[INFO] Testing layer 8:
 AUC 0.5296, TPR@5%FPR of 0.1045

 AUC 0.5166, TPR@5%FPR of 0.0588

[INFO] Testing layer 9:
 AUC 0.5259, TPR@5%FPR of 0.0448

 AUC 0.5309, TPR@5%FPR of 0.0613

[INFO] Testing layer 10:
 AUC 0.5252, TPR@5%FPR of 0.0348

 AUC 0.5317, TPR@5%FPR of 0.0476

[INFO] Testing layer 11:
 AUC 0.4937, TPR@5%FPR of 0.0299

 AUC 0.5010, TPR@5%FPR of 0.0401

[INFO] Testing layer 12:
 AUC 0.5016, TPR@5%FPR of 0.0448

 AUC 0.4701, TPR@5%FPR of 0.0225

[INFO] Testing layer 13:
 AUC 0.5354, TPR@5%FPR of 0.0398

 AUC 0.5009, TPR@5%FPR of 0.0313

[INFO] Testing layer 14:
 AUC 0.4846, TPR@5%FPR of 0.0199

 AUC 0.5007, TPR@5%FPR of 0.0638

[INFO] Testing layer 15:
 AUC 0.5135, TPR@5%FPR of 0.0398

 AUC 0.5233, TPR@5%FPR of 0.0501

[INFO] Testing layer 16:
 AUC 0.4489, TPR@5%FPR of 0.0348

 AUC 0.4751, TPR@5%FPR of 0.0188

[INFO] Testing layer 17:
 AUC 0.5179, TPR@5%FPR of 0.0547

 AUC 0.5146, TPR@5%FPR of 0.0551

[INFO] Testing layer 18:
 AUC 0.4511, TPR@5%FPR of 0.0149

 AUC 0.4492, TPR@5%FPR of 0.0350

[INFO] Testing layer 19:
 AUC 0.5297, TPR@5%FPR of 0.0348

 AUC 0.4828, TPR@5%FPR of 0.0538

[INFO] Testing layer 20:
 AUC 0.5033, TPR@5%FPR of 0.0547

 AUC 0.5082, TPR@5%FPR of 0.0413

[INFO] Testing layer 21:
 AUC 0.5480, TPR@5%FPR of 0.0697

 AUC 0.5348, TPR@5%FPR of 0.0476

[ExtraTreesClassifier] avg dev AUC: 0.5131
[ExtraTreesClassifier] Best dev AUC: 0.5714 (layer 3)
[ExtraTreesClassifier] Test AUC at best layer: 0.5264

========== Trying classifier: GaussianNB ==========
[INFO] Testing layer 0:
 AUC 0.4408, TPR@5%FPR of 0.0000

 AUC 0.4890, TPR@5%FPR of 0.0000

[INFO] Testing layer 1:
 AUC 0.4803, TPR@5%FPR of 0.0000

 AUC 0.5407, TPR@5%FPR of 0.0000

[INFO] Testing layer 2:
 AUC 0.5143, TPR@5%FPR of 0.0000

 AUC 0.5505, TPR@5%FPR of 0.0000

[INFO] Testing layer 3:
 AUC 0.5180, TPR@5%FPR of 0.0000

 AUC 0.5633, TPR@5%FPR of 0.0000

[INFO] Testing layer 4:
 AUC 0.5286, TPR@5%FPR of 0.0000

 AUC 0.5623, TPR@5%FPR of 0.0000

[INFO] Testing layer 5:
 AUC 0.5191, TPR@5%FPR of 0.0000

 AUC 0.5601, TPR@5%FPR of 0.0000

[INFO] Testing layer 6:
 AUC 0.5261, TPR@5%FPR of 0.0000

 AUC 0.5661, TPR@5%FPR of 0.0000

[INFO] Testing layer 7:
 AUC 0.5394, TPR@5%FPR of 0.0000

 AUC 0.5728, TPR@5%FPR of 0.0000

[INFO] Testing layer 8:
 AUC 0.5200, TPR@5%FPR of 0.0000

 AUC 0.5396, TPR@5%FPR of 0.0000

[INFO] Testing layer 9:
 AUC 0.5209, TPR@5%FPR of 0.0000

 AUC 0.5515, TPR@5%FPR of 0.0000

[INFO] Testing layer 10:
 AUC 0.5205, TPR@5%FPR of 0.0000

 AUC 0.5412, TPR@5%FPR of 0.0000

[INFO] Testing layer 11:
 AUC 0.5142, TPR@5%FPR of 0.0000

 AUC 0.5419, TPR@5%FPR of 0.0000

[INFO] Testing layer 12:
 AUC 0.5248, TPR@5%FPR of 0.0000

 AUC 0.5449, TPR@5%FPR of 0.0000

[INFO] Testing layer 13:
 AUC 0.5199, TPR@5%FPR of 0.0000

 AUC 0.5521, TPR@5%FPR of 0.0000

[INFO] Testing layer 14:
 AUC 0.5077, TPR@5%FPR of 0.0000

 AUC 0.5389, TPR@5%FPR of 0.0000

[INFO] Testing layer 15:
 AUC 0.4920, TPR@5%FPR of 0.0000

 AUC 0.5340, TPR@5%FPR of 0.0000

[INFO] Testing layer 16:
 AUC 0.5021, TPR@5%FPR of 0.0000

 AUC 0.5475, TPR@5%FPR of 0.0513

[INFO] Testing layer 17:
 AUC 0.5203, TPR@5%FPR of 0.0945

 AUC 0.5574, TPR@5%FPR of 0.0688

[INFO] Testing layer 18:
 AUC 0.5529, TPR@5%FPR of 0.0796

 AUC 0.5379, TPR@5%FPR of 0.0638

[INFO] Testing layer 19:
 AUC 0.5521, TPR@5%FPR of 0.0945

 AUC 0.5162, TPR@5%FPR of 0.0676

[INFO] Testing layer 20:
 AUC 0.5268, TPR@5%FPR of 0.0498

 AUC 0.4946, TPR@5%FPR of 0.0338

[INFO] Testing layer 21:
 AUC 0.5171, TPR@5%FPR of 0.0000

 AUC 0.4831, TPR@5%FPR of 0.0000

[GaussianNB] avg dev AUC: 0.5162
[GaussianNB] Best dev AUC: 0.5529 (layer 18)
[GaussianNB] Test AUC at best layer: 0.5379

========== Trying classifier: GradientBoostingClassifier ==========
[INFO] Testing layer 0:
 AUC 0.5275, TPR@5%FPR of 0.0896

 AUC 0.5062, TPR@5%FPR of 0.0413

[INFO] Testing layer 1:
 AUC 0.4536, TPR@5%FPR of 0.0199

 AUC 0.5257, TPR@5%FPR of 0.0476

[INFO] Testing layer 2:
 AUC 0.5245, TPR@5%FPR of 0.0547

 AUC 0.5287, TPR@5%FPR of 0.0463

[INFO] Testing layer 3:
 AUC 0.5205, TPR@5%FPR of 0.0149

 AUC 0.4625, TPR@5%FPR of 0.0313

[INFO] Testing layer 4:
 AUC 0.5649, TPR@5%FPR of 0.0547

 AUC 0.5188, TPR@5%FPR of 0.0413

[INFO] Testing layer 5:
 AUC 0.5387, TPR@5%FPR of 0.0746

 AUC 0.5489, TPR@5%FPR of 0.0538

[INFO] Testing layer 6:
 AUC 0.5145, TPR@5%FPR of 0.0547

 AUC 0.5390, TPR@5%FPR of 0.0801

[INFO] Testing layer 7:
 AUC 0.5075, TPR@5%FPR of 0.0796

 AUC 0.5088, TPR@5%FPR of 0.0563

[INFO] Testing layer 8:
 AUC 0.4951, TPR@5%FPR of 0.0448

 AUC 0.5273, TPR@5%FPR of 0.0613

[INFO] Testing layer 9:
 AUC 0.5052, TPR@5%FPR of 0.0597

 AUC 0.5189, TPR@5%FPR of 0.0551

[INFO] Testing layer 10:
 AUC 0.4359, TPR@5%FPR of 0.0050

 AUC 0.4847, TPR@5%FPR of 0.0363

[INFO] Testing layer 11:
 AUC 0.4813, TPR@5%FPR of 0.0398

 AUC 0.5065, TPR@5%FPR of 0.0488

[INFO] Testing layer 12:
 AUC 0.4728, TPR@5%FPR of 0.0299

 AUC 0.4701, TPR@5%FPR of 0.0413

[INFO] Testing layer 13:
 AUC 0.4456, TPR@5%FPR of 0.0149

 AUC 0.4995, TPR@5%FPR of 0.0501

[INFO] Testing layer 14:
 AUC 0.4820, TPR@5%FPR of 0.0249

 AUC 0.4982, TPR@5%FPR of 0.0588

[INFO] Testing layer 15:
 AUC 0.4460, TPR@5%FPR of 0.0249

 AUC 0.5037, TPR@5%FPR of 0.0563

[INFO] Testing layer 16:
 AUC 0.4689, TPR@5%FPR of 0.0199

 AUC 0.4388, TPR@5%FPR of 0.0375

[INFO] Testing layer 17:
 AUC 0.5546, TPR@5%FPR of 0.0746

 AUC 0.5176, TPR@5%FPR of 0.0763

[INFO] Testing layer 18:
 AUC 0.4927, TPR@5%FPR of 0.0348

 AUC 0.5256, TPR@5%FPR of 0.0563

[INFO] Testing layer 19:
 AUC 0.5036, TPR@5%FPR of 0.0299

 AUC 0.4758, TPR@5%FPR of 0.0451

[INFO] Testing layer 20:
 AUC 0.4924, TPR@5%FPR of 0.0498

 AUC 0.5186, TPR@5%FPR of 0.0501

[INFO] Testing layer 21:
 AUC 0.4519, TPR@5%FPR of 0.0498

 AUC 0.4924, TPR@5%FPR of 0.0413

[GradientBoostingClassifier] avg dev AUC: 0.4945
[GradientBoostingClassifier] Best dev AUC: 0.5649 (layer 4)
[GradientBoostingClassifier] Test AUC at best layer: 0.5188

========== Trying classifier: HistGradientBoostingClassifier ==========
[INFO] Testing layer 0:
 AUC 0.4601, TPR@5%FPR of 0.0299

 AUC 0.4964, TPR@5%FPR of 0.0538

[INFO] Testing layer 1:
 AUC 0.4647, TPR@5%FPR of 0.0348

 AUC 0.5433, TPR@5%FPR of 0.0401

[INFO] Testing layer 2:
 AUC 0.5309, TPR@5%FPR of 0.0299

 AUC 0.4810, TPR@5%FPR of 0.0438

[INFO] Testing layer 3:
 AUC 0.5483, TPR@5%FPR of 0.0945

 AUC 0.4823, TPR@5%FPR of 0.0451

[INFO] Testing layer 4:
 AUC 0.4372, TPR@5%FPR of 0.0249

 AUC 0.4961, TPR@5%FPR of 0.0388

[INFO] Testing layer 5:
 AUC 0.4975, TPR@5%FPR of 0.0249

 AUC 0.4912, TPR@5%FPR of 0.0501

[INFO] Testing layer 6:
 AUC 0.4898, TPR@5%FPR of 0.0697

 AUC 0.5526, TPR@5%FPR of 0.0701

[INFO] Testing layer 7:
 AUC 0.4653, TPR@5%FPR of 0.0945

 AUC 0.4955, TPR@5%FPR of 0.0613

[INFO] Testing layer 8:
 AUC 0.4998, TPR@5%FPR of 0.0547

 AUC 0.5234, TPR@5%FPR of 0.0726

[INFO] Testing layer 9:
 AUC 0.5398, TPR@5%FPR of 0.0846

 AUC 0.5490, TPR@5%FPR of 0.0738

[INFO] Testing layer 10:
 AUC 0.4548, TPR@5%FPR of 0.0299

 AUC 0.4909, TPR@5%FPR of 0.0476

[INFO] Testing layer 11:
 AUC 0.3884, TPR@5%FPR of 0.0249

 AUC 0.4650, TPR@5%FPR of 0.0438

[INFO] Testing layer 12:
 AUC 0.4998, TPR@5%FPR of 0.0796

 AUC 0.4880, TPR@5%FPR of 0.0601

[INFO] Testing layer 13:
 AUC 0.4368, TPR@5%FPR of 0.0149

 AUC 0.4417, TPR@5%FPR of 0.0488

[INFO] Testing layer 14:
 AUC 0.4938, TPR@5%FPR of 0.0398

 AUC 0.5148, TPR@5%FPR of 0.0476

[INFO] Testing layer 15:
 AUC 0.5046, TPR@5%FPR of 0.0448

 AUC 0.5091, TPR@5%FPR of 0.0688

[INFO] Testing layer 16:
 AUC 0.5574, TPR@5%FPR of 0.0846

 AUC 0.5396, TPR@5%FPR of 0.0576

[INFO] Testing layer 17:
 AUC 0.4753, TPR@5%FPR of 0.0547

 AUC 0.5215, TPR@5%FPR of 0.0513

[INFO] Testing layer 18:
 AUC 0.5067, TPR@5%FPR of 0.0547

 AUC 0.5400, TPR@5%FPR of 0.0701

[INFO] Testing layer 19:
 AUC 0.5138, TPR@5%FPR of 0.0348

 AUC 0.4936, TPR@5%FPR of 0.0413

[INFO] Testing layer 20:
 AUC 0.4827, TPR@5%FPR of 0.0249

 AUC 0.5123, TPR@5%FPR of 0.0551

[INFO] Testing layer 21:
 AUC 0.4461, TPR@5%FPR of 0.0348

 AUC 0.5105, TPR@5%FPR of 0.0463

[HistGradientBoostingClassifier] avg dev AUC: 0.4861
[HistGradientBoostingClassifier] Best dev AUC: 0.5574 (layer 16)
[HistGradientBoostingClassifier] Test AUC at best layer: 0.5396

========== Trying classifier: KNeighborsClassifier ==========
[INFO] Testing layer 0:
 AUC 0.4939, TPR@5%FPR of 0.0000

 AUC 0.5154, TPR@5%FPR of 0.0000

[INFO] Testing layer 1:
 AUC 0.5198, TPR@5%FPR of 0.0796

 AUC 0.5042, TPR@5%FPR of 0.0000

[INFO] Testing layer 2:
 AUC 0.4864, TPR@5%FPR of 0.0348

 AUC 0.4684, TPR@5%FPR of 0.0338

[INFO] Testing layer 3:
 AUC 0.5039, TPR@5%FPR of 0.0000

 AUC 0.4596, TPR@5%FPR of 0.0000

[INFO] Testing layer 4:
 AUC 0.4647, TPR@5%FPR of 0.0299

 AUC 0.4707, TPR@5%FPR of 0.0225

[INFO] Testing layer 5:
 AUC 0.4844, TPR@5%FPR of 0.0149

 AUC 0.4941, TPR@5%FPR of 0.0063

[INFO] Testing layer 6:
 AUC 0.4550, TPR@5%FPR of 0.0000

 AUC 0.4678, TPR@5%FPR of 0.0000

[INFO] Testing layer 7:
 AUC 0.5050, TPR@5%FPR of 0.0000

 AUC 0.5006, TPR@5%FPR of 0.0063

[INFO] Testing layer 8:
 AUC 0.5330, TPR@5%FPR of 0.0000

 AUC 0.5104, TPR@5%FPR of 0.0601

[INFO] Testing layer 9:
 AUC 0.5625, TPR@5%FPR of 0.0149

 AUC 0.5138, TPR@5%FPR of 0.0050

[INFO] Testing layer 10:
 AUC 0.5053, TPR@5%FPR of 0.0100

 AUC 0.4669, TPR@5%FPR of 0.0125

[INFO] Testing layer 11:
 AUC 0.4602, TPR@5%FPR of 0.0498

 AUC 0.4442, TPR@5%FPR of 0.0313

[INFO] Testing layer 12:
 AUC 0.4670, TPR@5%FPR of 0.0697

 AUC 0.4709, TPR@5%FPR of 0.0050

[INFO] Testing layer 13:
 AUC 0.4407, TPR@5%FPR of 0.0000

 AUC 0.4546, TPR@5%FPR of 0.0025

[INFO] Testing layer 14:
 AUC 0.5228, TPR@5%FPR of 0.0249

 AUC 0.5359, TPR@5%FPR of 0.0338

[INFO] Testing layer 15:
 AUC 0.5234, TPR@5%FPR of 0.0149

 AUC 0.4994, TPR@5%FPR of 0.0075

[INFO] Testing layer 16:
 AUC 0.5275, TPR@5%FPR of 0.0050

 AUC 0.5366, TPR@5%FPR of 0.0025

[INFO] Testing layer 17:
 AUC 0.4508, TPR@5%FPR of 0.0000

 AUC 0.5059, TPR@5%FPR of 0.0038

[INFO] Testing layer 18:
 AUC 0.4722, TPR@5%FPR of 0.0149

 AUC 0.4941, TPR@5%FPR of 0.0050

[INFO] Testing layer 19:
 AUC 0.4871, TPR@5%FPR of 0.0050

 AUC 0.5253, TPR@5%FPR of 0.0025

[INFO] Testing layer 20:
 AUC 0.5339, TPR@5%FPR of 0.0000

 AUC 0.5120, TPR@5%FPR of 0.0075

[INFO] Testing layer 21:
 AUC 0.4796, TPR@5%FPR of 0.0199

 AUC 0.4820, TPR@5%FPR of 0.0088

[KNeighborsClassifier] avg dev AUC: 0.4945
[KNeighborsClassifier] Best dev AUC: 0.5625 (layer 9)
[KNeighborsClassifier] Test AUC at best layer: 0.5138

========== Trying classifier: LinearDiscriminantAnalysis ==========
[INFO] Testing layer 0:
 AUC 0.4938, TPR@5%FPR of 0.0000

 AUC 0.5221, TPR@5%FPR of 0.0000

[INFO] Testing layer 1:
 AUC 0.4923, TPR@5%FPR of 0.0498

 AUC 0.5202, TPR@5%FPR of 0.0000

[INFO] Testing layer 2:
 AUC 0.4861, TPR@5%FPR of 0.0249

 AUC 0.5060, TPR@5%FPR of 0.0463

[INFO] Testing layer 3:
 AUC 0.4606, TPR@5%FPR of 0.0498

 AUC 0.4610, TPR@5%FPR of 0.0288

[INFO] Testing layer 4:
 AUC 0.4306, TPR@5%FPR of 0.0100

 AUC 0.4563, TPR@5%FPR of 0.0463

[INFO] Testing layer 5:
 AUC 0.4547, TPR@5%FPR of 0.0498

 AUC 0.4902, TPR@5%FPR of 0.0401

[INFO] Testing layer 6:
 AUC 0.4826, TPR@5%FPR of 0.0945

 AUC 0.4662, TPR@5%FPR of 0.0300

[INFO] Testing layer 7:
 AUC 0.4836, TPR@5%FPR of 0.0249

 AUC 0.4992, TPR@5%FPR of 0.0526

[INFO] Testing layer 8:
 AUC 0.4409, TPR@5%FPR of 0.0498

 AUC 0.4561, TPR@5%FPR of 0.0513

[INFO] Testing layer 9:
 AUC 0.4986, TPR@5%FPR of 0.0697

 AUC 0.5016, TPR@5%FPR of 0.0413

[INFO] Testing layer 10:
 AUC 0.5068, TPR@5%FPR of 0.0995

 AUC 0.4884, TPR@5%FPR of 0.0426

[INFO] Testing layer 11:
 AUC 0.4268, TPR@5%FPR of 0.0398

 AUC 0.4402, TPR@5%FPR of 0.0325

[INFO] Testing layer 12:
 AUC 0.5032, TPR@5%FPR of 0.0796

 AUC 0.5037, TPR@5%FPR of 0.0538

[INFO] Testing layer 13:
 AUC 0.4862, TPR@5%FPR of 0.0398

 AUC 0.4606, TPR@5%FPR of 0.0363

[INFO] Testing layer 14:
 AUC 0.4665, TPR@5%FPR of 0.0398

 AUC 0.5075, TPR@5%FPR of 0.0501

[INFO] Testing layer 15:
 AUC 0.4436, TPR@5%FPR of 0.0249

 AUC 0.4608, TPR@5%FPR of 0.0538

[INFO] Testing layer 16:
 AUC 0.4513, TPR@5%FPR of 0.0299

 AUC 0.4470, TPR@5%FPR of 0.0513

[INFO] Testing layer 17:
 AUC 0.5201, TPR@5%FPR of 0.0299

 AUC 0.5444, TPR@5%FPR of 0.0563

[INFO] Testing layer 18:
 AUC 0.5334, TPR@5%FPR of 0.0846

 AUC 0.5031, TPR@5%FPR of 0.0588

[INFO] Testing layer 19:
 AUC 0.5356, TPR@5%FPR of 0.0746

 AUC 0.5377, TPR@5%FPR of 0.0613

[INFO] Testing layer 20:
 AUC 0.5524, TPR@5%FPR of 0.0697

 AUC 0.5509, TPR@5%FPR of 0.0763

[INFO] Testing layer 21:
 AUC 0.5112, TPR@5%FPR of 0.0746

 AUC 0.5176, TPR@5%FPR of 0.0601

[LinearDiscriminantAnalysis] avg dev AUC: 0.4846
[LinearDiscriminantAnalysis] Best dev AUC: 0.5524 (layer 20)
[LinearDiscriminantAnalysis] Test AUC at best layer: 0.5509

========== Trying classifier: LinearSVC ==========
[INFO] Testing layer 0:
 AUC 0.5237, TPR@5%FPR of 0.0547

 AUC 0.5174, TPR@5%FPR of 0.0638

[INFO] Testing layer 1:
 AUC 0.4780, TPR@5%FPR of 0.0448

 AUC 0.4952, TPR@5%FPR of 0.0513

[INFO] Testing layer 2:
 AUC 0.5014, TPR@5%FPR of 0.0746

 AUC 0.4925, TPR@5%FPR of 0.0563

[INFO] Testing layer 3:
 AUC 0.4753, TPR@5%FPR of 0.0398

 AUC 0.4655, TPR@5%FPR of 0.0288

[INFO] Testing layer 4:
 AUC 0.4180, TPR@5%FPR of 0.0149

 AUC 0.4541, TPR@5%FPR of 0.0363

[INFO] Testing layer 5:
 AUC 0.4501, TPR@5%FPR of 0.0299

 AUC 0.4703, TPR@5%FPR of 0.0426

[INFO] Testing layer 6:
 AUC 0.4873, TPR@5%FPR of 0.0299

 AUC 0.5264, TPR@5%FPR of 0.0513

[INFO] Testing layer 7:
 AUC 0.4972, TPR@5%FPR of 0.0249

 AUC 0.4934, TPR@5%FPR of 0.0501

[INFO] Testing layer 8:
 AUC 0.4305, TPR@5%FPR of 0.0448

 AUC 0.4574, TPR@5%FPR of 0.0338

[INFO] Testing layer 9:
 AUC 0.4838, TPR@5%FPR of 0.0249

 AUC 0.5098, TPR@5%FPR of 0.0513

[INFO] Testing layer 10:
 AUC 0.4821, TPR@5%FPR of 0.0448

 AUC 0.4879, TPR@5%FPR of 0.0476

[INFO] Testing layer 11:
 AUC 0.4466, TPR@5%FPR of 0.0199

 AUC 0.4649, TPR@5%FPR of 0.0438

[INFO] Testing layer 12:
 AUC 0.4235, TPR@5%FPR of 0.0547

 AUC 0.4411, TPR@5%FPR of 0.0526

[INFO] Testing layer 13:
 AUC 0.4279, TPR@5%FPR of 0.0348

 AUC 0.4403, TPR@5%FPR of 0.0488

[INFO] Testing layer 14:
 AUC 0.4164, TPR@5%FPR of 0.0299

 AUC 0.4483, TPR@5%FPR of 0.0438

[INFO] Testing layer 15:
 AUC 0.4540, TPR@5%FPR of 0.0149

 AUC 0.4950, TPR@5%FPR of 0.0451

[INFO] Testing layer 16:
 AUC 0.4829, TPR@5%FPR of 0.0697

 AUC 0.5101, TPR@5%FPR of 0.0463

[INFO] Testing layer 17:
 AUC 0.4703, TPR@5%FPR of 0.0498

 AUC 0.4961, TPR@5%FPR of 0.0463

[INFO] Testing layer 18:
 AUC 0.4865, TPR@5%FPR of 0.1144

 AUC 0.4625, TPR@5%FPR of 0.0350

[INFO] Testing layer 19:
 AUC 0.4726, TPR@5%FPR of 0.0597

 AUC 0.4481, TPR@5%FPR of 0.0401

[INFO] Testing layer 20:
 AUC 0.4675, TPR@5%FPR of 0.0249

 AUC 0.4685, TPR@5%FPR of 0.0601

[INFO] Testing layer 21:
 AUC 0.4810, TPR@5%FPR of 0.0448

 AUC 0.4703, TPR@5%FPR of 0.0451

[LinearSVC] avg dev AUC: 0.4662
[LinearSVC] Best dev AUC: 0.5237 (layer 0)
[LinearSVC] Test AUC at best layer: 0.5174

========== Trying classifier: LogisticRegression ==========
[INFO] Testing layer 0:
 AUC 0.5149, TPR@5%FPR of 0.0597

 AUC 0.5193, TPR@5%FPR of 0.0688

[INFO] Testing layer 1:
 AUC 0.4798, TPR@5%FPR of 0.0647

 AUC 0.4981, TPR@5%FPR of 0.0488

[INFO] Testing layer 2:
 AUC 0.5034, TPR@5%FPR of 0.0647

 AUC 0.4935, TPR@5%FPR of 0.0538

[INFO] Testing layer 3:
 AUC 0.4838, TPR@5%FPR of 0.0199

 AUC 0.4658, TPR@5%FPR of 0.0288

[INFO] Testing layer 4:
 AUC 0.4157, TPR@5%FPR of 0.0348

 AUC 0.4544, TPR@5%FPR of 0.0451

[INFO] Testing layer 5:
 AUC 0.4483, TPR@5%FPR of 0.0299

 AUC 0.4683, TPR@5%FPR of 0.0438

[INFO] Testing layer 6:
 AUC 0.4820, TPR@5%FPR of 0.0448

 AUC 0.5241, TPR@5%FPR of 0.0438

[INFO] Testing layer 7:
 AUC 0.4926, TPR@5%FPR of 0.0249

 AUC 0.4930, TPR@5%FPR of 0.0476

[INFO] Testing layer 8:
 AUC 0.4309, TPR@5%FPR of 0.0398

 AUC 0.4576, TPR@5%FPR of 0.0350

[INFO] Testing layer 9:
 AUC 0.4865, TPR@5%FPR of 0.0199

 AUC 0.5111, TPR@5%FPR of 0.0613

[INFO] Testing layer 10:
 AUC 0.4855, TPR@5%FPR of 0.0299

 AUC 0.4866, TPR@5%FPR of 0.0451

[INFO] Testing layer 11:
 AUC 0.4415, TPR@5%FPR of 0.0249

 AUC 0.4665, TPR@5%FPR of 0.0451

[INFO] Testing layer 12:
 AUC 0.4296, TPR@5%FPR of 0.0398

 AUC 0.4550, TPR@5%FPR of 0.0551

[INFO] Testing layer 13:
 AUC 0.4274, TPR@5%FPR of 0.0199

 AUC 0.4414, TPR@5%FPR of 0.0488

[INFO] Testing layer 14:
 AUC 0.4176, TPR@5%FPR of 0.0249

 AUC 0.4491, TPR@5%FPR of 0.0501

[INFO] Testing layer 15:
 AUC 0.4446, TPR@5%FPR of 0.0199

 AUC 0.4856, TPR@5%FPR of 0.0463

[INFO] Testing layer 16:
 AUC 0.4646, TPR@5%FPR of 0.0597

 AUC 0.5043, TPR@5%FPR of 0.0426

[INFO] Testing layer 17:
 AUC 0.4727, TPR@5%FPR of 0.0547

 AUC 0.5015, TPR@5%FPR of 0.0413

[INFO] Testing layer 18:
 AUC 0.4852, TPR@5%FPR of 0.1095

 AUC 0.4576, TPR@5%FPR of 0.0363

[INFO] Testing layer 19:
 AUC 0.4798, TPR@5%FPR of 0.0498

 AUC 0.4515, TPR@5%FPR of 0.0438

[INFO] Testing layer 20:
 AUC 0.4732, TPR@5%FPR of 0.0299

 AUC 0.4760, TPR@5%FPR of 0.0663

[INFO] Testing layer 21:
 AUC 0.4820, TPR@5%FPR of 0.0498

 AUC 0.4739, TPR@5%FPR of 0.0476

[LogisticRegression] avg dev AUC: 0.4655
[LogisticRegression] Best dev AUC: 0.5149 (layer 0)
[LogisticRegression] Test AUC at best layer: 0.5193

========== Trying classifier: LogisticRegressionCV ==========
[INFO] Testing layer 0:
 AUC 0.4445, TPR@5%FPR of 0.0299

 AUC 0.4788, TPR@5%FPR of 0.0513

[INFO] Testing layer 1:
 AUC 0.4443, TPR@5%FPR of 0.0299

 AUC 0.4826, TPR@5%FPR of 0.0438

[INFO] Testing layer 2:
